[INFO  - 2017-09-21T09:21:34.878Z] GhostDriver - Main - running on port 6166
[INFO  - 2017-09-21T09:21:35.955Z] Session [43f1aee0-9eae-11e7-9401-ad4476d22d95] - page.settings - {"XSSAuditingEnabled":false,"javascriptCanCloseWindows":true,"javascriptCanOpenWindows":true,"javascriptEnabled":true,"loadImages":true,"localToRemoteUrlAccessEnabled":false,"userAgent":"Mozilla/5.0 (Windows NT 6.2; WOW64) AppleWebKit/538.1 (KHTML, like Gecko) PhantomJS/2.1.1 Safari/538.1","webSecurityEnabled":true}
[INFO  - 2017-09-21T09:21:35.955Z] Session [43f1aee0-9eae-11e7-9401-ad4476d22d95] - page.customHeaders:  - {}
[INFO  - 2017-09-21T09:21:35.955Z] Session [43f1aee0-9eae-11e7-9401-ad4476d22d95] - Session.negotiatedCapabilities - {"browserName":"phantomjs","version":"2.1.1","driverName":"ghostdriver","driverVersion":"1.2.0","platform":"windows-10-32bit","javascriptEnabled":true,"takesScreenshot":true,"handlesAlerts":false,"databaseEnabled":false,"locationContextEnabled":false,"applicationCacheEnabled":false,"browserConnectionEnabled":false,"cssSelectorsEnabled":true,"webStorageEnabled":false,"rotatable":false,"acceptSslCerts":false,"nativeEvents":true,"proxy":{"proxyType":"direct"}}
[INFO  - 2017-09-21T09:21:35.955Z] SessionManagerReqHand - _postNewSessionCommand - New Session Created: 43f1aee0-9eae-11e7-9401-ad4476d22d95
[ERROR - 2017-09-21T09:21:52.475Z] Session [43f1aee0-9eae-11e7-9401-ad4476d22d95] - page.onError - msg: RangeError: Invalid Date

  phantomjs://platform/console++.js:263 in error
[ERROR - 2017-09-21T09:21:52.475Z] Session [43f1aee0-9eae-11e7-9401-ad4476d22d95] - page.onError - stack:
  toISOString (https://d36r55ftass5h5.cloudfront.net/all-min-621a7ab4bbd6fd809b4b514ad95ca24d412bcd03.js:218)
  toJSON (:0)
  (anonymous function) (https://d36r55ftass5h5.cloudfront.net/all-min-621a7ab4bbd6fd809b4b514ad95ca24d412bcd03.js:218)
  ready (https://d36r55ftass5h5.cloudfront.net/all-min-621a7ab4bbd6fd809b4b514ad95ca24d412bcd03.js:79)
  (anonymous function) (https://d36r55ftass5h5.cloudfront.net/all-min-621a7ab4bbd6fd809b4b514ad95ca24d412bcd03.js:216)
  k (https://d36r55ftass5h5.cloudfront.net/all-min-621a7ab4bbd6fd809b4b514ad95ca24d412bcd03.js:29)
  success (https://d36r55ftass5h5.cloudfront.net/all-min-621a7ab4bbd6fd809b4b514ad95ca24d412bcd03.js:31)
  c (https://d36r55ftass5h5.cloudfront.net/js/jquery-1.10.1.min.js:4)
  fireWith (https://d36r55ftass5h5.cloudfront.net/js/jquery-1.10.1.min.js:4)
  k (https://d36r55ftass5h5.cloudfront.net/js/jquery-1.10.1.min.js:6)
  r (https://d36r55ftass5h5.cloudfront.net/js/jquery-1.10.1.min.js:6)

  phantomjs://platform/console++.js:263 in error
[ERROR - 2017-09-21T09:22:11.726Z] WebElementLocator - _handleLocateCommand - Element(s) NOT Found: GAVE UP. Search Stop Time: 1505985731660

  phantomjs://platform/console++.js:263 in error
[ERROR - 2017-09-21T09:22:12.771Z] WebElementLocator - _handleLocateCommand - Element(s) NOT Found: GAVE UP. Search Stop Time: 1505985732722

  phantomjs://platform/console++.js:263 in error
[ERROR - 2017-09-21T09:22:13.765Z] WebElementLocator - _handleLocateCommand - Element(s) NOT Found: GAVE UP. Search Stop Time: 1505985733707

  phantomjs://platform/console++.js:263 in error
[ERROR - 2017-09-21T09:22:14.762Z] WebElementLocator - _handleLocateCommand - Element(s) NOT Found: GAVE UP. Search Stop Time: 1505985734693

  phantomjs://platform/console++.js:263 in error
[ERROR - 2017-09-21T09:22:15.700Z] WebElementLocator - _handleLocateCommand - Element(s) NOT Found: GAVE UP. Search Stop Time: 1505985735697

  phantomjs://platform/console++.js:263 in error
[ERROR - 2017-09-21T09:22:16.727Z] WebElementLocator - _handleLocateCommand - Element(s) NOT Found: GAVE UP. Search Stop Time: 1505985736665

  phantomjs://platform/console++.js:263 in error
[ERROR - 2017-09-21T09:22:17.728Z] WebElementLocator - _handleLocateCommand - Element(s) NOT Found: GAVE UP. Search Stop Time: 1505985737669

  phantomjs://platform/console++.js:263 in error
[ERROR - 2017-09-21T09:22:18.731Z] WebElementLocator - _handleLocateCommand - Element(s) NOT Found: GAVE UP. Search Stop Time: 1505985738669

  phantomjs://platform/console++.js:263 in error
[ERROR - 2017-09-21T09:22:19.735Z] WebElementLocator - _handleLocateCommand - Element(s) NOT Found: GAVE UP. Search Stop Time: 1505985739687

  phantomjs://platform/console++.js:263 in error
[ERROR - 2017-09-21T09:22:20.734Z] WebElementLocator - _handleLocateCommand - Element(s) NOT Found: GAVE UP. Search Stop Time: 1505985740674

  phantomjs://platform/console++.js:263 in error
[ERROR - 2017-09-21T09:22:21.675Z] WebElementLocator - _handleLocateCommand - Element(s) NOT Found: GAVE UP. Search Stop Time: 1505985741670

  phantomjs://platform/console++.js:263 in error
[ERROR - 2017-09-21T09:22:22.672Z] WebElementLocator - _handleLocateCommand - Element(s) NOT Found: GAVE UP. Search Stop Time: 1505985742619

  phantomjs://platform/console++.js:263 in error
[ERROR - 2017-09-21T09:22:23.635Z] WebElementLocator - _handleLocateCommand - Element(s) NOT Found: GAVE UP. Search Stop Time: 1505985743622

  phantomjs://platform/console++.js:263 in error
[ERROR - 2017-09-21T09:22:24.575Z] WebElementLocator - _handleLocateCommand - Element(s) NOT Found: GAVE UP. Search Stop Time: 1505985744574

  phantomjs://platform/console++.js:263 in error
[ERROR - 2017-09-21T09:22:25.514Z] WebElementLocator - _handleLocateCommand - Element(s) NOT Found: GAVE UP. Search Stop Time: 1505985745503

  phantomjs://platform/console++.js:263 in error
[ERROR - 2017-09-21T09:22:26.520Z] WebElementLocator - _handleLocateCommand - Element(s) NOT Found: GAVE UP. Search Stop Time: 1505985746473

  phantomjs://platform/console++.js:263 in error
