[INFO  - 2017-09-16T14:17:31.408Z] GhostDriver - Main - running on port 9305
[INFO  - 2017-09-16T14:17:32.444Z] Session [c7922270-9ae9-11e7-8edd-b35aebfe06cd] - page.settings - {"XSSAuditingEnabled":false,"javascriptCanCloseWindows":true,"javascriptCanOpenWindows":true,"javascriptEnabled":true,"loadImages":true,"localToRemoteUrlAccessEnabled":false,"userAgent":"Mozilla/5.0 (Windows NT 6.2; WOW64) AppleWebKit/538.1 (KHTML, like Gecko) PhantomJS/2.1.1 Safari/538.1","webSecurityEnabled":true}
[INFO  - 2017-09-16T14:17:32.444Z] Session [c7922270-9ae9-11e7-8edd-b35aebfe06cd] - page.customHeaders:  - {}
[INFO  - 2017-09-16T14:17:32.493Z] Session [c7922270-9ae9-11e7-8edd-b35aebfe06cd] - Session.negotiatedCapabilities - {"browserName":"phantomjs","version":"2.1.1","driverName":"ghostdriver","driverVersion":"1.2.0","platform":"windows-10-32bit","javascriptEnabled":true,"takesScreenshot":true,"handlesAlerts":false,"databaseEnabled":false,"locationContextEnabled":false,"applicationCacheEnabled":false,"browserConnectionEnabled":false,"cssSelectorsEnabled":true,"webStorageEnabled":false,"rotatable":false,"acceptSslCerts":false,"nativeEvents":true,"proxy":{"proxyType":"direct"}}
[INFO  - 2017-09-16T14:17:32.493Z] SessionManagerReqHand - _postNewSessionCommand - New Session Created: c7922270-9ae9-11e7-8edd-b35aebfe06cd
[ERROR - 2017-09-16T14:17:40.785Z] Session [c7922270-9ae9-11e7-8edd-b35aebfe06cd] - page.onError - msg: RangeError: Invalid Date

  phantomjs://platform/console++.js:263 in error
[ERROR - 2017-09-16T14:17:40.785Z] Session [c7922270-9ae9-11e7-8edd-b35aebfe06cd] - page.onError - stack:
  toISOString (https://d36r55ftass5h5.cloudfront.net/all-min-25a0a09c26285d86e488e75ebe639962fa881732.js:218)
  toJSON (:0)
  (anonymous function) (https://d36r55ftass5h5.cloudfront.net/all-min-25a0a09c26285d86e488e75ebe639962fa881732.js:218)
  ready (https://d36r55ftass5h5.cloudfront.net/all-min-25a0a09c26285d86e488e75ebe639962fa881732.js:79)
  (anonymous function) (https://d36r55ftass5h5.cloudfront.net/all-min-25a0a09c26285d86e488e75ebe639962fa881732.js:216)
  k (https://d36r55ftass5h5.cloudfront.net/all-min-25a0a09c26285d86e488e75ebe639962fa881732.js:29)
  success (https://d36r55ftass5h5.cloudfront.net/all-min-25a0a09c26285d86e488e75ebe639962fa881732.js:31)
  c (https://d36r55ftass5h5.cloudfront.net/js/jquery-1.10.1.min.js:4)
  fireWith (https://d36r55ftass5h5.cloudfront.net/js/jquery-1.10.1.min.js:4)
  k (https://d36r55ftass5h5.cloudfront.net/js/jquery-1.10.1.min.js:6)
  r (https://d36r55ftass5h5.cloudfront.net/js/jquery-1.10.1.min.js:6)

  phantomjs://platform/console++.js:263 in error
